<?xml version="1.0" encoding="UTF-8"?>
<testng-results ignored="0" total="7" passed="7" failed="0" skipped="0">
  <reporter-output>
  </reporter-output>
  <suite started-at="2024-10-11T20:33:22 IST" name="Default suite" finished-at="2024-10-11T20:33:57 IST" duration-ms="35500">
    <groups>
    </groups>
    <test started-at="2024-10-11T20:33:22 IST" name="Default test" finished-at="2024-10-11T20:33:57 IST" duration-ms="35500">
      <class name="DataDrivenLoginTest.DataDrivenLoginTest">
        <test-method is-config="true" signature="setUp()[pri:0, instance:DataDrivenLoginTest.DataDrivenLoginTest@17f7cd29]" started-at="2024-10-11T20:33:22 IST" name="setUp" finished-at="2024-10-11T20:33:26 IST" duration-ms="4613" status="PASS">
          <reporter-output>
          </reporter-output>
        </test-method> <!-- setUp -->
        <test-method signature="loginTest(java.lang.String,java.lang.String,boolean)[pri:0, instance:DataDrivenLoginTest.DataDrivenLoginTest@17f7cd29]" started-at="2024-10-11T20:33:26 IST" name="loginTest" data-provider="loginData" finished-at="2024-10-11T20:33:27 IST" duration-ms="837" status="PASS">
          <params>
            <param index="0">
              <value>
                <![CDATA[standard_user]]>
              </value>
            </param>
            <param index="1">
              <value>
                <![CDATA[secret_sauce]]>
              </value>
            </param>
            <param index="2">
              <value>
                <![CDATA[true]]>
              </value>
            </param>
          </params>
          <reporter-output>
          </reporter-output>
        </test-method> <!-- loginTest -->
        <test-method is-config="true" signature="tearDown()[pri:0, instance:DataDrivenLoginTest.DataDrivenLoginTest@17f7cd29]" started-at="2024-10-11T20:33:27 IST" name="tearDown" finished-at="2024-10-11T20:33:27 IST" duration-ms="197" status="PASS">
          <reporter-output>
          </reporter-output>
        </test-method> <!-- tearDown -->
        <test-method is-config="true" signature="setUp()[pri:0, instance:DataDrivenLoginTest.DataDrivenLoginTest@17f7cd29]" started-at="2024-10-11T20:33:27 IST" name="setUp" finished-at="2024-10-11T20:33:31 IST" duration-ms="3578" status="PASS">
          <reporter-output>
          </reporter-output>
        </test-method> <!-- setUp -->
        <test-method signature="loginTest(java.lang.String,java.lang.String,boolean)[pri:0, instance:DataDrivenLoginTest.DataDrivenLoginTest@17f7cd29]" started-at="2024-10-11T20:33:31 IST" name="loginTest" data-provider="loginData" finished-at="2024-10-11T20:33:32 IST" duration-ms="623" status="PASS">
          <params>
            <param index="0">
              <value>
                <![CDATA[locked_out_user]]>
              </value>
            </param>
            <param index="1">
              <value>
                <![CDATA[secret_sauce]]>
              </value>
            </param>
            <param index="2">
              <value>
                <![CDATA[false]]>
              </value>
            </param>
          </params>
          <reporter-output>
          </reporter-output>
        </test-method> <!-- loginTest -->
        <test-method is-config="true" signature="tearDown()[pri:0, instance:DataDrivenLoginTest.DataDrivenLoginTest@17f7cd29]" started-at="2024-10-11T20:33:32 IST" name="tearDown" finished-at="2024-10-11T20:33:32 IST" duration-ms="164" status="PASS">
          <reporter-output>
          </reporter-output>
        </test-method> <!-- tearDown -->
        <test-method is-config="true" signature="setUp()[pri:0, instance:DataDrivenLoginTest.DataDrivenLoginTest@17f7cd29]" started-at="2024-10-11T20:33:32 IST" name="setUp" finished-at="2024-10-11T20:33:36 IST" duration-ms="3682" status="PASS">
          <reporter-output>
          </reporter-output>
        </test-method> <!-- setUp -->
        <test-method signature="loginTest(java.lang.String,java.lang.String,boolean)[pri:0, instance:DataDrivenLoginTest.DataDrivenLoginTest@17f7cd29]" started-at="2024-10-11T20:33:36 IST" name="loginTest" data-provider="loginData" finished-at="2024-10-11T20:33:36 IST" duration-ms="458" status="PASS">
          <params>
            <param index="0">
              <value>
                <![CDATA[problem_user]]>
              </value>
            </param>
            <param index="1">
              <value>
                <![CDATA[secret_sauce]]>
              </value>
            </param>
            <param index="2">
              <value>
                <![CDATA[true]]>
              </value>
            </param>
          </params>
          <reporter-output>
          </reporter-output>
        </test-method> <!-- loginTest -->
        <test-method is-config="true" signature="tearDown()[pri:0, instance:DataDrivenLoginTest.DataDrivenLoginTest@17f7cd29]" started-at="2024-10-11T20:33:36 IST" name="tearDown" finished-at="2024-10-11T20:33:36 IST" duration-ms="154" status="PASS">
          <reporter-output>
          </reporter-output>
        </test-method> <!-- tearDown -->
        <test-method is-config="true" signature="setUp()[pri:0, instance:DataDrivenLoginTest.DataDrivenLoginTest@17f7cd29]" started-at="2024-10-11T20:33:36 IST" name="setUp" finished-at="2024-10-11T20:33:39 IST" duration-ms="3308" status="PASS">
          <reporter-output>
          </reporter-output>
        </test-method> <!-- setUp -->
        <test-method signature="loginTest(java.lang.String,java.lang.String,boolean)[pri:0, instance:DataDrivenLoginTest.DataDrivenLoginTest@17f7cd29]" started-at="2024-10-11T20:33:39 IST" name="loginTest" data-provider="loginData" finished-at="2024-10-11T20:33:45 IST" duration-ms="5471" status="PASS">
          <params>
            <param index="0">
              <value>
                <![CDATA[performance_glitch_user]]>
              </value>
            </param>
            <param index="1">
              <value>
                <![CDATA[secret_sauce]]>
              </value>
            </param>
            <param index="2">
              <value>
                <![CDATA[true]]>
              </value>
            </param>
          </params>
          <reporter-output>
          </reporter-output>
        </test-method> <!-- loginTest -->
        <test-method is-config="true" signature="tearDown()[pri:0, instance:DataDrivenLoginTest.DataDrivenLoginTest@17f7cd29]" started-at="2024-10-11T20:33:45 IST" name="tearDown" finished-at="2024-10-11T20:33:45 IST" duration-ms="167" status="PASS">
          <reporter-output>
          </reporter-output>
        </test-method> <!-- tearDown -->
        <test-method is-config="true" signature="setUp()[pri:0, instance:DataDrivenLoginTest.DataDrivenLoginTest@17f7cd29]" started-at="2024-10-11T20:33:45 IST" name="setUp" finished-at="2024-10-11T20:33:49 IST" duration-ms="3625" status="PASS">
          <reporter-output>
          </reporter-output>
        </test-method> <!-- setUp -->
        <test-method signature="loginTest(java.lang.String,java.lang.String,boolean)[pri:0, instance:DataDrivenLoginTest.DataDrivenLoginTest@17f7cd29]" started-at="2024-10-11T20:33:49 IST" name="loginTest" data-provider="loginData" finished-at="2024-10-11T20:33:49 IST" duration-ms="456" status="PASS">
          <params>
            <param index="0">
              <value>
                <![CDATA[visual_user]]>
              </value>
            </param>
            <param index="1">
              <value>
                <![CDATA[secret_sauce]]>
              </value>
            </param>
            <param index="2">
              <value>
                <![CDATA[true]]>
              </value>
            </param>
          </params>
          <reporter-output>
          </reporter-output>
        </test-method> <!-- loginTest -->
        <test-method is-config="true" signature="tearDown()[pri:0, instance:DataDrivenLoginTest.DataDrivenLoginTest@17f7cd29]" started-at="2024-10-11T20:33:49 IST" name="tearDown" finished-at="2024-10-11T20:33:49 IST" duration-ms="137" status="PASS">
          <reporter-output>
          </reporter-output>
        </test-method> <!-- tearDown -->
        <test-method is-config="true" signature="setUp()[pri:0, instance:DataDrivenLoginTest.DataDrivenLoginTest@17f7cd29]" started-at="2024-10-11T20:33:49 IST" name="setUp" finished-at="2024-10-11T20:33:52 IST" duration-ms="3117" status="PASS">
          <reporter-output>
          </reporter-output>
        </test-method> <!-- setUp -->
        <test-method signature="loginTest(java.lang.String,java.lang.String,boolean)[pri:0, instance:DataDrivenLoginTest.DataDrivenLoginTest@17f7cd29]" started-at="2024-10-11T20:33:52 IST" name="loginTest" data-provider="loginData" finished-at="2024-10-11T20:33:53 IST" duration-ms="428" status="PASS">
          <params>
            <param index="0">
              <value>
                <![CDATA[error_user]]>
              </value>
            </param>
            <param index="1">
              <value>
                <![CDATA[invalid_pass]]>
              </value>
            </param>
            <param index="2">
              <value>
                <![CDATA[false]]>
              </value>
            </param>
          </params>
          <reporter-output>
          </reporter-output>
        </test-method> <!-- loginTest -->
        <test-method is-config="true" signature="tearDown()[pri:0, instance:DataDrivenLoginTest.DataDrivenLoginTest@17f7cd29]" started-at="2024-10-11T20:33:53 IST" name="tearDown" finished-at="2024-10-11T20:33:53 IST" duration-ms="160" status="PASS">
          <reporter-output>
          </reporter-output>
        </test-method> <!-- tearDown -->
        <test-method is-config="true" signature="setUp()[pri:0, instance:DataDrivenLoginTest.DataDrivenLoginTest@17f7cd29]" started-at="2024-10-11T20:33:53 IST" name="setUp" finished-at="2024-10-11T20:33:57 IST" duration-ms="3613" status="PASS">
          <reporter-output>
          </reporter-output>
        </test-method> <!-- setUp -->
        <test-method signature="loginTest(java.lang.String,java.lang.String,boolean)[pri:0, instance:DataDrivenLoginTest.DataDrivenLoginTest@17f7cd29]" started-at="2024-10-11T20:33:57 IST" name="loginTest" data-provider="loginData" finished-at="2024-10-11T20:33:57 IST" duration-ms="447" status="PASS">
          <params>
            <param index="0">
              <value>
                <![CDATA[standard_user]]>
              </value>
            </param>
            <param index="1">
              <value>
                <![CDATA[wrong_password]]>
              </value>
            </param>
            <param index="2">
              <value>
                <![CDATA[false]]>
              </value>
            </param>
          </params>
          <reporter-output>
          </reporter-output>
        </test-method> <!-- loginTest -->
        <test-method is-config="true" signature="tearDown()[pri:0, instance:DataDrivenLoginTest.DataDrivenLoginTest@17f7cd29]" started-at="2024-10-11T20:33:57 IST" name="tearDown" finished-at="2024-10-11T20:33:57 IST" duration-ms="155" status="PASS">
          <reporter-output>
          </reporter-output>
        </test-method> <!-- tearDown -->
      </class> <!-- DataDrivenLoginTest.DataDrivenLoginTest -->
    </test> <!-- Default test -->
  </suite> <!-- Default suite -->
</testng-results>
