<?xml version="1.0" encoding="UTF-8"?>
<!-- Generated by org.testng.reporters.JUnitXMLReporter -->
<testsuite ignored="0" hostname="DESKTOP-7K1FGBJ" failures="0" tests="7" name="Default test" time="35.5" errors="0" timestamp="2024-10-11T20:33:57 IST">
  <testcase classname="DataDrivenLoginTest.DataDrivenLoginTest" name="loginTest" time="0.837"/>
  <testcase classname="DataDrivenLoginTest.DataDrivenLoginTest" name="loginTest" time="0.623"/>
  <testcase classname="DataDrivenLoginTest.DataDrivenLoginTest" name="loginTest" time="0.458"/>
  <testcase classname="DataDrivenLoginTest.DataDrivenLoginTest" name="loginTest" time="5.471"/>
  <testcase classname="DataDrivenLoginTest.DataDrivenLoginTest" name="loginTest" time="0.456"/>
  <testcase classname="DataDrivenLoginTest.DataDrivenLoginTest" name="loginTest" time="0.428"/>
  <testcase classname="DataDrivenLoginTest.DataDrivenLoginTest" name="loginTest" time="0.447"/>
</testsuite> <!-- Default test -->
